<?xml version="1.0" encoding="UTF-8"?>
<testsuite xmlns:xsi="http://www.w3.org/2001/XMLSchema-instance" xsi:noNamespaceSchemaLocation="https://maven.apache.org/surefire/maven-surefire-plugin/xsd/surefire-test-report-3.0.xsd" version="3.0" name="com.myCompany.app.BookingServiceTest" time="0.118" tests="6" errors="0" skipped="0" failures="0">
  <properties>
[...]
</properties>
  <testcase name="testCreateBookingNoSeatsAvailable" classname="com.myCompany.app.BookingServiceTest" time="0.057">
    <system-out><![CDATA[ 
 Test 1 is running...
Engin laus saeti til! booking ekki mogulegt!!!
FL9999-Useraaaa is not in the mock storage, testCreateBookingNoSeatsAvailable test passed
]]></system-out>
  </testcase>
  <testcase name="containsBookingFalse" classname="com.myCompany.app.BookingServiceTest" time="0.011">
    <system-out><![CDATA[ 
 Test 2 is running...
Booking buid til: FL123-User123
FL123-User456 is not in the mock storage, containsBookingFalse test passed
]]></system-out>
  </testcase>
  <testcase name="testGetBookings" classname="com.myCompany.app.BookingServiceTest" time="0.005">
    <system-out><![CDATA[ 
 Test 3 is running...
Booking buid til: FL001-User1
Booking buid til: FL002-User2
Booking buid til: FL003-User3
Bookings available:
FL001-User1
FL003-User3
FL002-User2
Found 3 total bookings, getBookings test passed
]]></system-out>
  </testcase>
  <testcase name="testCreateBooking" classname="com.myCompany.app.BookingServiceTest" time="0.003">
    <system-out><![CDATA[ 
 Test 4 is running...
Booking buid til: FL123-User123
]]></system-out>
  </testcase>
  <testcase name="containsBooking" classname="com.myCompany.app.BookingServiceTest" time="0.003">
    <system-out><![CDATA[ 
 Test 5 is running...
Booking buid til: FL123-User123
FL123-User123 is in the mock storage, containsBooking test passed
]]></system-out>
  </testcase>
  <testcase name="testDeleteBooking" classname="com.myCompany.app.BookingServiceTest" time="0.003">
    <system-out><![CDATA[ 
 Test 6 is running...
Booking buid til: FL123-User123
Booking deletedFL123-User123
FL123-User123 is not in the mock storage anymore, deleteBooking test passed
]]></system-out>
  </testcase>
</testsuite>